<?xml version="1.0" encoding="UTF-8"?>
<!-- Generated by org.testng.reporters.JUnitXMLReporter -->
<testsuite hostname="DESKTOP-CL25R4D" ignored="0" name="Test" tests="7" failures="2" timestamp="2022-11-29T00:26:39 IST" time="0.23" errors="0">
  <testcase name="userRegistration" time="0.018" classname="testCases.TestCase3NG">
    <failure type="java.lang.AssertionError" message="Not registered">
      <![CDATA[java.lang.AssertionError: Not registered
at testCases.TestCase3NG.userRegistration(TestCase3NG.java:11)
at java.util.ArrayList.forEach(ArrayList.java:1257)
... Removed 28 stack frames]]>
    </failure>
  </testcase> <!-- userRegistration -->
  <testcase name="doLogin" time="0.0" classname="testCases.TestCase3NG">
    <skipped/>
  </testcase> <!-- doLogin -->
  <testcase name="thirdTest" time="0.003" classname="testCases.TestCase3NG"/>
  <testcase name="fourthTest" time="0.0" classname="testCases.TestCase3NG">
    <skipped/>
  </testcase> <!-- fourthTest -->
  <testcase name="validateTitles" time="0.019" classname="testCases.TestCase2NG">
    <failure type="java.lang.AssertionError" message="The following asserts failed:
	expected [Yahoo.com] but found [Google.com],
	Element not found expected [true] but found [false],
	Failing test as condition is not met">
      <![CDATA[java.lang.AssertionError: The following asserts failed:
expected [Yahoo.com] but found [Google.com],
Element not found expected [true] but found [false],
Failing test as condition is not met
at testCases.TestCase2NG.validateTitles(TestCase2NG.java:36)
at java.util.ArrayList.forEach(ArrayList.java:1257)
... Removed 29 stack frames]]>
    </failure>
  </testcase> <!-- validateTitles -->
  <testcase name="userRegistration" time="0.002" classname="testCases.TestCase1NG"/>
  <testcase name="doLogin" time="0.013" classname="testCases.TestCase1NG"/>
</testsuite> <!-- Test -->
