<?xml version="1.0" encoding="UTF-8"?>
<!-- Generated by org.testng.reporters.JUnitXMLReporter -->
<testsuite hostname="DESKTOP-CL25R4D" ignored="0" name="Validate Title Test" tests="1" failures="1" timestamp="2022-11-29T00:40:51 IST" time="0.015" errors="0">
  <testcase name="validateTitles" time="0.006" classname="testCases.TestCase2NG">
    <failure type="java.lang.AssertionError" message="The following asserts failed:
	expected [Yahoo.com] but found [Google.com],
	Element not found expected [true] but found [false],
	Failing test as condition is not met">
      <![CDATA[java.lang.AssertionError: The following asserts failed:
expected [Yahoo.com] but found [Google.com],
Element not found expected [true] but found [false],
Failing test as condition is not met
at testCases.TestCase2NG.validateTitles(TestCase2NG.java:36)
at java.util.ArrayList.forEach(ArrayList.java:1257)
... Removed 30 stack frames]]>
    </failure>
  </testcase> <!-- validateTitles -->
</testsuite> <!-- Validate Title Test -->
